C:\Users\atulv\Documents\CorporateQnA\CorporateQnA\CorporateQnA\UI\dist\out-tsc\app\shared\question-card\question-card.component.js
C:\Users\atulv\Documents\CorporateQnA\CorporateQnA\CorporateQnA\UI\dist\out-tsc\app\shared\question-card\question-card.component.js.map
C:\Users\atulv\Documents\CorporateQnA\CorporateQnA\CorporateQnA\UI\dist\out-tsc\app\shared\keka-select\keka-select.component.js
C:\Users\atulv\Documents\CorporateQnA\CorporateQnA\CorporateQnA\UI\dist\out-tsc\app\shared\keka-select\keka-select.component.js.map
C:\Users\atulv\Documents\CorporateQnA\CorporateQnA\CorporateQnA\UI\dist\out-tsc\app\shared\shared.module.js
C:\Users\atulv\Documents\CorporateQnA\CorporateQnA\CorporateQnA\UI\dist\out-tsc\app\shared\shared.module.js.map
C:\Users\atulv\Documents\CorporateQnA\CorporateQnA\CorporateQnA\UI\dist\out-tsc\app\users\view-users\all-users.component.js
C:\Users\atulv\Documents\CorporateQnA\CorporateQnA\CorporateQnA\UI\dist\out-tsc\app\users\view-users\all-users.component.js.map
C:\Users\atulv\Documents\CorporateQnA\CorporateQnA\CorporateQnA\UI\dist\out-tsc\app\users\users.component.js
C:\Users\atulv\Documents\CorporateQnA\CorporateQnA\CorporateQnA\UI\dist\out-tsc\app\users\users.component.js.map
C:\Users\atulv\Documents\CorporateQnA\CorporateQnA\CorporateQnA\UI\dist\out-tsc\app\users\user-details\user-details.component.js
C:\Users\atulv\Documents\CorporateQnA\CorporateQnA\CorporateQnA\UI\dist\out-tsc\app\users\user-details\user-details.component.js.map
C:\Users\atulv\Documents\CorporateQnA\CorporateQnA\CorporateQnA\UI\dist\out-tsc\app\users\users.routing.js
C:\Users\atulv\Documents\CorporateQnA\CorporateQnA\CorporateQnA\UI\dist\out-tsc\app\users\users.routing.js.map
C:\Users\atulv\Documents\CorporateQnA\CorporateQnA\CorporateQnA\UI\dist\out-tsc\app\users\user-card\user-card.component.js
C:\Users\atulv\Documents\CorporateQnA\CorporateQnA\CorporateQnA\UI\dist\out-tsc\app\users\user-card\user-card.component.js.map
C:\Users\atulv\Documents\CorporateQnA\CorporateQnA\CorporateQnA\UI\dist\out-tsc\app\users\users.module.js
C:\Users\atulv\Documents\CorporateQnA\CorporateQnA\CorporateQnA\UI\dist\out-tsc\app\users\users.module.js.map
C:\Users\atulv\Documents\CorporateQnA\CorporateQnA\CorporateQnA\UI\dist\out-tsc\app\home\answer\answer.component.js
C:\Users\atulv\Documents\CorporateQnA\CorporateQnA\CorporateQnA\UI\dist\out-tsc\app\home\answer\answer.component.js.map
C:\Users\atulv\Documents\CorporateQnA\CorporateQnA\CorporateQnA\UI\dist\out-tsc\app\home\home.component.js
C:\Users\atulv\Documents\CorporateQnA\CorporateQnA\CorporateQnA\UI\dist\out-tsc\app\home\home.component.js.map
C:\Users\atulv\Documents\CorporateQnA\CorporateQnA\CorporateQnA\UI\dist\out-tsc\app\home\home.routing.js
C:\Users\atulv\Documents\CorporateQnA\CorporateQnA\CorporateQnA\UI\dist\out-tsc\app\home\home.routing.js.map
C:\Users\atulv\Documents\CorporateQnA\CorporateQnA\CorporateQnA\UI\dist\out-tsc\app\home\editor\editor.component.js
C:\Users\atulv\Documents\CorporateQnA\CorporateQnA\CorporateQnA\UI\dist\out-tsc\app\home\editor\editor.component.js.map
C:\Users\atulv\Documents\CorporateQnA\CorporateQnA\CorporateQnA\UI\dist\out-tsc\app\home\home.module.js
C:\Users\atulv\Documents\CorporateQnA\CorporateQnA\CorporateQnA\UI\dist\out-tsc\app\home\home.module.js.map
C:\Users\atulv\Documents\CorporateQnA\CorporateQnA\CorporateQnA\UI\dist\out-tsc\app\categories\categories.component.js
C:\Users\atulv\Documents\CorporateQnA\CorporateQnA\CorporateQnA\UI\dist\out-tsc\app\categories\categories.component.js.map
C:\Users\atulv\Documents\CorporateQnA\CorporateQnA\CorporateQnA\UI\dist\out-tsc\app\categories\categories.routing.js
C:\Users\atulv\Documents\CorporateQnA\CorporateQnA\CorporateQnA\UI\dist\out-tsc\app\categories\categories.routing.js.map
C:\Users\atulv\Documents\CorporateQnA\CorporateQnA\CorporateQnA\UI\dist\out-tsc\app\categories\category-card\category-card.component.js
C:\Users\atulv\Documents\CorporateQnA\CorporateQnA\CorporateQnA\UI\dist\out-tsc\app\categories\category-card\category-card.component.js.map
C:\Users\atulv\Documents\CorporateQnA\CorporateQnA\CorporateQnA\UI\dist\out-tsc\app\categories\categories.module.js
C:\Users\atulv\Documents\CorporateQnA\CorporateQnA\CorporateQnA\UI\dist\out-tsc\app\categories\categories.module.js.map
C:\Users\atulv\Documents\CorporateQnA\CorporateQnA\CorporateQnA\UI\dist\out-tsc\app\app-routing.module.js
C:\Users\atulv\Documents\CorporateQnA\CorporateQnA\CorporateQnA\UI\dist\out-tsc\app\app-routing.module.js.map
C:\Users\atulv\Documents\CorporateQnA\CorporateQnA\CorporateQnA\UI\dist\out-tsc\app\app.component.js
C:\Users\atulv\Documents\CorporateQnA\CorporateQnA\CorporateQnA\UI\dist\out-tsc\app\app.component.js.map
C:\Users\atulv\Documents\CorporateQnA\CorporateQnA\CorporateQnA\UI\dist\out-tsc\app\navbar\navbar.component.js
C:\Users\atulv\Documents\CorporateQnA\CorporateQnA\CorporateQnA\UI\dist\out-tsc\app\navbar\navbar.component.js.map
C:\Users\atulv\Documents\CorporateQnA\CorporateQnA\CorporateQnA\UI\dist\out-tsc\app\sections-nav\sections-nav.component.js
C:\Users\atulv\Documents\CorporateQnA\CorporateQnA\CorporateQnA\UI\dist\out-tsc\app\sections-nav\sections-nav.component.js.map
C:\Users\atulv\Documents\CorporateQnA\CorporateQnA\CorporateQnA\UI\dist\out-tsc\app\app.module.js
C:\Users\atulv\Documents\CorporateQnA\CorporateQnA\CorporateQnA\UI\dist\out-tsc\app\app.module.js.map
C:\Users\atulv\Documents\CorporateQnA\CorporateQnA\CorporateQnA\UI\dist\out-tsc\environments\environment.js
C:\Users\atulv\Documents\CorporateQnA\CorporateQnA\CorporateQnA\UI\dist\out-tsc\environments\environment.js.map
C:\Users\atulv\Documents\CorporateQnA\CorporateQnA\CorporateQnA\UI\dist\out-tsc\main.js
C:\Users\atulv\Documents\CorporateQnA\CorporateQnA\CorporateQnA\UI\dist\out-tsc\main.js.map
C:\Users\atulv\Documents\CorporateQnA\CorporateQnA\CorporateQnA\UI\dist\out-tsc\polyfills.js
C:\Users\atulv\Documents\CorporateQnA\CorporateQnA\CorporateQnA\UI\dist\out-tsc\polyfills.js.map
C:\Users\atulv\Documents\CorporateQnA\CorporateQnA\CorporateQnA\UI\dist\out-tsc\test.js
C:\Users\atulv\Documents\CorporateQnA\CorporateQnA\CorporateQnA\UI\dist\out-tsc\test.js.map
C:\Users\atulv\Documents\CorporateQnA\CorporateQnA\CorporateQnA\UI\dist\out-tsc\app\app.component.spec.js
C:\Users\atulv\Documents\CorporateQnA\CorporateQnA\CorporateQnA\UI\dist\out-tsc\app\app.component.spec.js.map
C:\Users\atulv\Documents\CorporateQnA\CorporateQnA\CorporateQnA\UI\dist\out-tsc\environments\environment.prod.js
C:\Users\atulv\Documents\CorporateQnA\CorporateQnA\CorporateQnA\UI\dist\out-tsc\environments\environment.prod.js.map
